<?xml version="1.0"?>
<!DOCTYPE coverage SYSTEM "http://cobertura.sourceforge.net/xml/coverage-04.dtd">

<coverage line-rate="0.0" branch-rate="0.0" lines-covered="0" lines-valid="1092" branches-covered="0" branches-valid="78" complexity="1.0" version="1.9.4.1" timestamp="1320146975728">
	<sources>
		<source>/home/tooru.oguri/workspace/rakuphotomail-parent/rakuphotomail-it/src/main/java</source>
		<source>--source</source>
		<source>/home/tooru.oguri/workspace/rakuphotomail-parent/rakuphotomail-it/target/generated-sources/extracted-dependencies/src/main/java</source>
		<source>/home/tooru.oguri/workspace/rakuphotomail-parent/rakuphotomail-it/target/generated-sources/r</source>
	</sources>
	<packages>
		<package name="jp.co.fttx.rakuphotomail.test" line-rate="0.0" branch-rate="0.0" complexity="1.0">
			<classes>
				<class name="jp.co.fttx.rakuphotomail.test.AccountsTest" filename="jp/co/fttx/rakuphotomail/test/AccountsTest.java" line-rate="0.0" branch-rate="1.0" complexity="1.0">
					<methods>
						<method name="&lt;init&gt;" signature="()V" line-rate="0.0" branch-rate="1.0">
							<lines>
								<line number="10" hits="0" branch="false"/>
								<line number="11" hits="0" branch="false"/>
							</lines>
						</method>
						<method name="setUp" signature="()V" line-rate="0.0" branch-rate="1.0">
							<lines>
								<line number="18" hits="0" branch="false"/>
								<line number="19" hits="0" branch="false"/>
							</lines>
						</method>
						<method name="testHoge" signature="()V" line-rate="0.0" branch-rate="1.0">
							<lines>
								<line number="22" hits="0" branch="false"/>
								<line number="23" hits="0" branch="false"/>
								<line number="24" hits="0" branch="false"/>
							</lines>
						</method>
					</methods>
					<lines>
						<line number="10" hits="0" branch="false"/>
						<line number="11" hits="0" branch="false"/>
						<line number="18" hits="0" branch="false"/>
						<line number="19" hits="0" branch="false"/>
						<line number="22" hits="0" branch="false"/>
						<line number="23" hits="0" branch="false"/>
						<line number="24" hits="0" branch="false"/>
					</lines>
				</class>
				<class name="jp.co.fttx.rakuphotomail.test.CopyOfGallerySendingMailTest" filename="jp/co/fttx/rakuphotomail/test/CopyOfGallerySendingMailTest.java" line-rate="0.0" branch-rate="0.0" complexity="0.0">
					<methods>
						<method name="&lt;init&gt;" signature="()V" line-rate="0.0" branch-rate="1.0">
							<lines>
								<line number="39" hits="0" branch="false"/>
								<line number="40" hits="0" branch="false"/>
							</lines>
						</method>
						<method name="setUp" signature="()V" line-rate="0.0" branch-rate="1.0">
							<lines>
								<line number="49" hits="0" branch="false"/>
								<line number="51" hits="0" branch="false"/>
								<line number="52" hits="0" branch="false"/>
								<line number="53" hits="0" branch="false"/>
								<line number="54" hits="0" branch="false"/>
								<line number="55" hits="0" branch="false"/>
								<line number="56" hits="0" branch="false"/>
								<line number="57" hits="0" branch="false"/>
								<line number="58" hits="0" branch="false"/>
								<line number="59" hits="0" branch="false"/>
								<line number="60" hits="0" branch="false"/>
								<line number="61" hits="0" branch="false"/>
								<line number="62" hits="0" branch="false"/>
								<line number="63" hits="0" branch="false"/>
								<line number="64" hits="0" branch="false"/>
								<line number="65" hits="0" branch="false"/>
								<line number="66" hits="0" branch="false"/>
								<line number="67" hits="0" branch="false"/>
								<line number="68" hits="0" branch="false"/>
								<line number="69" hits="0" branch="false"/>
								<line number="70" hits="0" branch="false"/>
								<line number="71" hits="0" branch="false"/>
								<line number="72" hits="0" branch="false"/>
								<line number="73" hits="0" branch="false"/>
								<line number="74" hits="0" branch="false"/>
								<line number="75" hits="0" branch="false"/>
								<line number="76" hits="0" branch="false"/>
								<line number="77" hits="0" branch="false"/>
								<line number="82" hits="0" branch="false"/>
							</lines>
						</method>
						<method name="tearDown" signature="()V" line-rate="0.0" branch-rate="1.0">
							<lines>
								<line number="78" hits="0" branch="false"/>
								<line number="79" hits="0" branch="false"/>
								<line number="80" hits="0" branch="false"/>
								<line number="81" hits="0" branch="false"/>
							</lines>
						</method>
						<method name="testInitialInput" signature="()V" line-rate="0.0" branch-rate="0.0">
							<lines>
								<line number="151" hits="0" branch="false"/>
								<line number="152" hits="0" branch="false"/>
								<line number="153" hits="0" branch="false"/>
								<line number="154" hits="0" branch="false"/>
								<line number="155" hits="0" branch="false"/>
								<line number="156" hits="0" branch="true" condition-coverage="0% (0/2)">
									<conditions>
										<condition number="0" type="jump" coverage="0%"/>
									</conditions>
								</line>
							</lines>
						</method>
						<method name="testReplyMailSizeOK" signature="()V" line-rate="0.0" branch-rate="0.0">
							<lines>
								<line number="83" hits="0" branch="false"/>
								<line number="84" hits="0" branch="false"/>
								<line number="85" hits="0" branch="false"/>
								<line number="86" hits="0" branch="false"/>
								<line number="87" hits="0" branch="false"/>
								<line number="88" hits="0" branch="false"/>
								<line number="89" hits="0" branch="false"/>
								<line number="90" hits="0" branch="false"/>
								<line number="91" hits="0" branch="false"/>
								<line number="92" hits="0" branch="false"/>
								<line number="93" hits="0" branch="false"/>
								<line number="94" hits="0" branch="false"/>
								<line number="95" hits="0" branch="false"/>
								<line number="96" hits="0" branch="false"/>
								<line number="97" hits="0" branch="false"/>
								<line number="98" hits="0" branch="false"/>
								<line number="99" hits="0" branch="false"/>
								<line number="100" hits="0" branch="false"/>
								<line number="101" hits="0" branch="false"/>
								<line number="102" hits="0" branch="false"/>
								<line number="103" hits="0" branch="false"/>
								<line number="104" hits="0" branch="false"/>
								<line number="105" hits="0" branch="false"/>
								<line number="106" hits="0" branch="false"/>
								<line number="107" hits="0" branch="false"/>
								<line number="108" hits="0" branch="false"/>
								<line number="109" hits="0" branch="false"/>
								<line number="110" hits="0" branch="false"/>
								<line number="111" hits="0" branch="false"/>
								<line number="112" hits="0" branch="false"/>
								<line number="113" hits="0" branch="false"/>
								<line number="114" hits="0" branch="false"/>
								<line number="115" hits="0" branch="false"/>
								<line number="116" hits="0" branch="false"/>
								<line number="117" hits="0" branch="false"/>
								<line number="118" hits="0" branch="false"/>
								<line number="119" hits="0" branch="false"/>
								<line number="120" hits="0" branch="false"/>
								<line number="121" hits="0" branch="false"/>
								<line number="122" hits="0" branch="false"/>
								<line number="123" hits="0" branch="false"/>
								<line number="124" hits="0" branch="false"/>
								<line number="125" hits="0" branch="false"/>
								<line number="126" hits="0" branch="false"/>
								<line number="127" hits="0" branch="false"/>
								<line number="128" hits="0" branch="false"/>
								<line number="129" hits="0" branch="false"/>
								<line number="130" hits="0" branch="true" condition-coverage="0% (0/2)">
									<conditions>
										<condition number="0" type="jump" coverage="0%"/>
									</conditions>
								</line>
								<line number="131" hits="0" branch="false"/>
								<line number="132" hits="0" branch="false"/>
								<line number="133" hits="0" branch="false"/>
								<line number="134" hits="0" branch="false"/>
								<line number="135" hits="0" branch="false"/>
								<line number="136" hits="0" branch="false"/>
								<line number="137" hits="0" branch="false"/>
								<line number="138" hits="0" branch="false"/>
								<line number="139" hits="0" branch="true" condition-coverage="0% (0/2)">
									<conditions>
										<condition number="0" type="jump" coverage="0%"/>
									</conditions>
								</line>
								<line number="140" hits="0" branch="true" condition-coverage="0% (0/2)">
									<conditions>
										<condition number="0" type="jump" coverage="0%"/>
									</conditions>
								</line>
								<line number="141" hits="0" branch="true" condition-coverage="0% (0/2)">
									<conditions>
										<condition number="0" type="jump" coverage="0%"/>
									</conditions>
								</line>
								<line number="142" hits="0" branch="true" condition-coverage="0% (0/2)">
									<conditions>
										<condition number="0" type="jump" coverage="0%"/>
									</conditions>
								</line>
								<line number="143" hits="0" branch="false"/>
								<line number="144" hits="0" branch="false"/>
								<line number="145" hits="0" branch="false"/>
								<line number="146" hits="0" branch="false"/>
								<line number="147" hits="0" branch="false"/>
								<line number="148" hits="0" branch="false"/>
								<line number="149" hits="0" branch="false"/>
								<line number="150" hits="0" branch="false"/>
							</lines>
						</method>
						<method name="testReplyMailSubjectSizeERROR" signature="()V" line-rate="0.0" branch-rate="0.0">
							<lines>
								<line number="157" hits="0" branch="false"/>
								<line number="158" hits="0" branch="false"/>
								<line number="159" hits="0" branch="false"/>
								<line number="160" hits="0" branch="true" condition-coverage="0% (0/2)">
									<conditions>
										<condition number="0" type="jump" coverage="0%"/>
									</conditions>
								</line>
								<line number="161" hits="0" branch="false"/>
								<line number="162" hits="0" branch="false"/>
								<line number="163" hits="0" branch="false"/>
								<line number="164" hits="0" branch="false"/>
								<line number="165" hits="0" branch="false"/>
								<line number="166" hits="0" branch="false"/>
								<line number="167" hits="0" branch="false"/>
								<line number="168" hits="0" branch="false"/>
								<line number="169" hits="0" branch="false"/>
								<line number="170" hits="0" branch="false"/>
								<line number="171" hits="0" branch="false"/>
								<line number="172" hits="0" branch="false"/>
								<line number="173" hits="0" branch="false"/>
								<line number="174" hits="0" branch="false"/>
								<line number="175" hits="0" branch="false"/>
								<line number="176" hits="0" branch="false"/>
								<line number="177" hits="0" branch="false"/>
								<line number="178" hits="0" branch="false"/>
								<line number="179" hits="0" branch="false"/>
								<line number="180" hits="0" branch="false"/>
								<line number="181" hits="0" branch="false"/>
								<line number="182" hits="0" branch="false"/>
								<line number="183" hits="0" branch="false"/>
								<line number="184" hits="0" branch="false"/>
								<line number="185" hits="0" branch="false"/>
								<line number="186" hits="0" branch="false"/>
								<line number="187" hits="0" branch="false"/>
								<line number="188" hits="0" branch="false"/>
								<line number="189" hits="0" branch="false"/>
								<line number="190" hits="0" branch="false"/>
								<line number="191" hits="0" branch="false"/>
								<line number="192" hits="0" branch="false"/>
								<line number="193" hits="0" branch="false"/>
								<line number="194" hits="0" branch="false"/>
								<line number="195" hits="0" branch="false"/>
								<line number="196" hits="0" branch="false"/>
								<line number="197" hits="0" branch="false"/>
								<line number="198" hits="0" branch="false"/>
								<line number="199" hits="0" branch="false"/>
								<line number="200" hits="0" branch="false"/>
								<line number="201" hits="0" branch="true" condition-coverage="0% (0/2)">
									<conditions>
										<condition number="0" type="jump" coverage="0%"/>
									</conditions>
								</line>
								<line number="202" hits="0" branch="true" condition-coverage="0% (0/2)">
									<conditions>
										<condition number="0" type="jump" coverage="0%"/>
									</conditions>
								</line>
								<line number="203" hits="0" branch="true" condition-coverage="0% (0/2)">
									<conditions>
										<condition number="0" type="jump" coverage="0%"/>
									</conditions>
								</line>
								<line number="204" hits="0" branch="false"/>
								<line number="205" hits="0" branch="false"/>
								<line number="206" hits="0" branch="false"/>
								<line number="207" hits="0" branch="false"/>
								<line number="208" hits="0" branch="false"/>
								<line number="209" hits="0" branch="false"/>
								<line number="210" hits="0" branch="false"/>
								<line number="211" hits="0" branch="false"/>
								<line number="212" hits="0" branch="false"/>
								<line number="213" hits="0" branch="false"/>
								<line number="214" hits="0" branch="false"/>
								<line number="215" hits="0" branch="false"/>
								<line number="216" hits="0" branch="false"/>
								<line number="218" hits="0" branch="false"/>
								<line number="222" hits="0" branch="false"/>
								<line number="224" hits="0" branch="false"/>
								<line number="225" hits="0" branch="false"/>
								<line number="226" hits="0" branch="false"/>
								<line number="227" hits="0" branch="true" condition-coverage="0% (0/2)">
									<conditions>
										<condition number="0" type="jump" coverage="0%"/>
									</conditions>
								</line>
								<line number="228" hits="0" branch="false"/>
								<line number="232" hits="0" branch="false"/>
								<line number="234" hits="0" branch="false"/>
								<line number="235" hits="0" branch="false"/>
								<line number="236" hits="0" branch="false"/>
								<line number="237" hits="0" branch="true" condition-coverage="0% (0/2)">
									<conditions>
										<condition number="0" type="jump" coverage="0%"/>
									</conditions>
								</line>
								<line number="238" hits="0" branch="false"/>
								<line number="242" hits="0" branch="false"/>
								<line number="244" hits="0" branch="false"/>
								<line number="245" hits="0" branch="false"/>
							</lines>
						</method>
					</methods>
					<lines>
						<line number="39" hits="0" branch="false"/>
						<line number="40" hits="0" branch="false"/>
						<line number="49" hits="0" branch="false"/>
						<line number="51" hits="0" branch="false"/>
						<line number="52" hits="0" branch="false"/>
						<line number="53" hits="0" branch="false"/>
						<line number="54" hits="0" branch="false"/>
						<line number="55" hits="0" branch="false"/>
						<line number="56" hits="0" branch="false"/>
						<line number="57" hits="0" branch="false"/>
						<line number="58" hits="0" branch="false"/>
						<line number="59" hits="0" branch="false"/>
						<line number="60" hits="0" branch="false"/>
						<line number="61" hits="0" branch="false"/>
						<line number="62" hits="0" branch="false"/>
						<line number="63" hits="0" branch="false"/>
						<line number="64" hits="0" branch="false"/>
						<line number="65" hits="0" branch="false"/>
						<line number="66" hits="0" branch="false"/>
						<line number="67" hits="0" branch="false"/>
						<line number="68" hits="0" branch="false"/>
						<line number="69" hits="0" branch="false"/>
						<line number="70" hits="0" branch="false"/>
						<line number="71" hits="0" branch="false"/>
						<line number="72" hits="0" branch="false"/>
						<line number="73" hits="0" branch="false"/>
						<line number="74" hits="0" branch="false"/>
						<line number="75" hits="0" branch="false"/>
						<line number="76" hits="0" branch="false"/>
						<line number="77" hits="0" branch="false"/>
						<line number="78" hits="0" branch="false"/>
						<line number="79" hits="0" branch="false"/>
						<line number="80" hits="0" branch="false"/>
						<line number="81" hits="0" branch="false"/>
						<line number="82" hits="0" branch="false"/>
						<line number="83" hits="0" branch="false"/>
						<line number="84" hits="0" branch="false"/>
						<line number="85" hits="0" branch="false"/>
						<line number="86" hits="0" branch="false"/>
						<line number="87" hits="0" branch="false"/>
						<line number="88" hits="0" branch="false"/>
						<line number="89" hits="0" branch="false"/>
						<line number="90" hits="0" branch="false"/>
						<line number="91" hits="0" branch="false"/>
						<line number="92" hits="0" branch="false"/>
						<line number="93" hits="0" branch="false"/>
						<line number="94" hits="0" branch="false"/>
						<line number="95" hits="0" branch="false"/>
						<line number="96" hits="0" branch="false"/>
						<line number="97" hits="0" branch="false"/>
						<line number="98" hits="0" branch="false"/>
						<line number="99" hits="0" branch="false"/>
						<line number="100" hits="0" branch="false"/>
						<line number="101" hits="0" branch="false"/>
						<line number="102" hits="0" branch="false"/>
						<line number="103" hits="0" branch="false"/>
						<line number="104" hits="0" branch="false"/>
						<line number="105" hits="0" branch="false"/>
						<line number="106" hits="0" branch="false"/>
						<line number="107" hits="0" branch="false"/>
						<line number="108" hits="0" branch="false"/>
						<line number="109" hits="0" branch="false"/>
						<line number="110" hits="0" branch="false"/>
						<line number="111" hits="0" branch="false"/>
						<line number="112" hits="0" branch="false"/>
						<line number="113" hits="0" branch="false"/>
						<line number="114" hits="0" branch="false"/>
						<line number="115" hits="0" branch="false"/>
						<line number="116" hits="0" branch="false"/>
						<line number="117" hits="0" branch="false"/>
						<line number="118" hits="0" branch="false"/>
						<line number="119" hits="0" branch="false"/>
						<line number="120" hits="0" branch="false"/>
						<line number="121" hits="0" branch="false"/>
						<line number="122" hits="0" branch="false"/>
						<line number="123" hits="0" branch="false"/>
						<line number="124" hits="0" branch="false"/>
						<line number="125" hits="0" branch="false"/>
						<line number="126" hits="0" branch="false"/>
						<line number="127" hits="0" branch="false"/>
						<line number="128" hits="0" branch="false"/>
						<line number="129" hits="0" branch="false"/>
						<line number="130" hits="0" branch="true" condition-coverage="0% (0/2)">
							<conditions>
								<condition number="0" type="jump" coverage="0%"/>
							</conditions>
						</line>
						<line number="131" hits="0" branch="false"/>
						<line number="132" hits="0" branch="false"/>
						<line number="133" hits="0" branch="false"/>
						<line number="134" hits="0" branch="false"/>
						<line number="135" hits="0" branch="false"/>
						<line number="136" hits="0" branch="false"/>
						<line number="137" hits="0" branch="false"/>
						<line number="138" hits="0" branch="false"/>
						<line number="139" hits="0" branch="true" condition-coverage="0% (0/2)">
							<conditions>
								<condition number="0" type="jump" coverage="0%"/>
							</conditions>
						</line>
						<line number="140" hits="0" branch="true" condition-coverage="0% (0/2)">
							<conditions>
								<condition number="0" type="jump" coverage="0%"/>
							</conditions>
						</line>
						<line number="141" hits="0" branch="true" condition-coverage="0% (0/2)">
							<conditions>
								<condition number="0" type="jump" coverage="0%"/>
							</conditions>
						</line>
						<line number="142" hits="0" branch="true" condition-coverage="0% (0/2)">
							<conditions>
								<condition number="0" type="jump" coverage="0%"/>
							</conditions>
						</line>
						<line number="143" hits="0" branch="false"/>
						<line number="144" hits="0" branch="false"/>
						<line number="145" hits="0" branch="false"/>
						<line number="146" hits="0" branch="false"/>
						<line number="147" hits="0" branch="false"/>
						<line number="148" hits="0" branch="false"/>
						<line number="149" hits="0" branch="false"/>
						<line number="150" hits="0" branch="false"/>
						<line number="151" hits="0" branch="false"/>
						<line number="152" hits="0" branch="false"/>
						<line number="153" hits="0" branch="false"/>
						<line number="154" hits="0" branch="false"/>
						<line number="155" hits="0" branch="false"/>
						<line number="156" hits="0" branch="true" condition-coverage="0% (0/2)">
							<conditions>
								<condition number="0" type="jump" coverage="0%"/>
							</conditions>
						</line>
						<line number="157" hits="0" branch="false"/>
						<line number="158" hits="0" branch="false"/>
						<line number="159" hits="0" branch="false"/>
						<line number="160" hits="0" branch="true" condition-coverage="0% (0/2)">
							<conditions>
								<condition number="0" type="jump" coverage="0%"/>
							</conditions>
						</line>
						<line number="161" hits="0" branch="false"/>
						<line number="162" hits="0" branch="false"/>
						<line number="163" hits="0" branch="false"/>
						<line number="164" hits="0" branch="false"/>
						<line number="165" hits="0" branch="false"/>
						<line number="166" hits="0" branch="false"/>
						<line number="167" hits="0" branch="false"/>
						<line number="168" hits="0" branch="false"/>
						<line number="169" hits="0" branch="false"/>
						<line number="170" hits="0" branch="false"/>
						<line number="171" hits="0" branch="false"/>
						<line number="172" hits="0" branch="false"/>
						<line number="173" hits="0" branch="false"/>
						<line number="174" hits="0" branch="false"/>
						<line number="175" hits="0" branch="false"/>
						<line number="176" hits="0" branch="false"/>
						<line number="177" hits="0" branch="false"/>
						<line number="178" hits="0" branch="false"/>
						<line number="179" hits="0" branch="false"/>
						<line number="180" hits="0" branch="false"/>
						<line number="181" hits="0" branch="false"/>
						<line number="182" hits="0" branch="false"/>
						<line number="183" hits="0" branch="false"/>
						<line number="184" hits="0" branch="false"/>
						<line number="185" hits="0" branch="false"/>
						<line number="186" hits="0" branch="false"/>
						<line number="187" hits="0" branch="false"/>
						<line number="188" hits="0" branch="false"/>
						<line number="189" hits="0" branch="false"/>
						<line number="190" hits="0" branch="false"/>
						<line number="191" hits="0" branch="false"/>
						<line number="192" hits="0" branch="false"/>
						<line number="193" hits="0" branch="false"/>
						<line number="194" hits="0" branch="false"/>
						<line number="195" hits="0" branch="false"/>
						<line number="196" hits="0" branch="false"/>
						<line number="197" hits="0" branch="false"/>
						<line number="198" hits="0" branch="false"/>
						<line number="199" hits="0" branch="false"/>
						<line number="200" hits="0" branch="false"/>
						<line number="201" hits="0" branch="true" condition-coverage="0% (0/2)">
							<conditions>
								<condition number="0" type="jump" coverage="0%"/>
							</conditions>
						</line>
						<line number="202" hits="0" branch="true" condition-coverage="0% (0/2)">
							<conditions>
								<condition number="0" type="jump" coverage="0%"/>
							</conditions>
						</line>
						<line number="203" hits="0" branch="true" condition-coverage="0% (0/2)">
							<conditions>
								<condition number="0" type="jump" coverage="0%"/>
							</conditions>
						</line>
						<line number="204" hits="0" branch="false"/>
						<line number="205" hits="0" branch="false"/>
						<line number="206" hits="0" branch="false"/>
						<line number="207" hits="0" branch="false"/>
						<line number="208" hits="0" branch="false"/>
						<line number="209" hits="0" branch="false"/>
						<line number="210" hits="0" branch="false"/>
						<line number="211" hits="0" branch="false"/>
						<line number="212" hits="0" branch="false"/>
						<line number="213" hits="0" branch="false"/>
						<line number="214" hits="0" branch="false"/>
						<line number="215" hits="0" branch="false"/>
						<line number="216" hits="0" branch="false"/>
						<line number="218" hits="0" branch="false"/>
						<line number="222" hits="0" branch="false"/>
						<line number="224" hits="0" branch="false"/>
						<line number="225" hits="0" branch="false"/>
						<line number="226" hits="0" branch="false"/>
						<line number="227" hits="0" branch="true" condition-coverage="0% (0/2)">
							<conditions>
								<condition number="0" type="jump" coverage="0%"/>
							</conditions>
						</line>
						<line number="228" hits="0" branch="false"/>
						<line number="232" hits="0" branch="false"/>
						<line number="234" hits="0" branch="false"/>
						<line number="235" hits="0" branch="false"/>
						<line number="236" hits="0" branch="false"/>
						<line number="237" hits="0" branch="true" condition-coverage="0% (0/2)">
							<conditions>
								<condition number="0" type="jump" coverage="0%"/>
							</conditions>
						</line>
						<line number="238" hits="0" branch="false"/>
						<line number="242" hits="0" branch="false"/>
						<line number="244" hits="0" branch="false"/>
						<line number="245" hits="0" branch="false"/>
					</lines>
				</class>
				<class name="jp.co.fttx.rakuphotomail.test.CopyOfGallerySendingMailTest$1" filename="jp/co/fttx/rakuphotomail/test/CopyOfGallerySendingMailTest.java" line-rate="0.0" branch-rate="1.0" complexity="0.0">
					<methods>
						<method name="&lt;init&gt;" signature="(Ljp/co/fttx/rakuphotomail/test/CopyOfGallerySendingMailTest;)V" line-rate="0.0" branch-rate="1.0">
							<lines>
								<line number="1" hits="0" branch="false"/>
								<line number="109" hits="0" branch="false"/>
								<line number="119" hits="0" branch="false"/>
								<line number="120" hits="0" branch="false"/>
								<line number="121" hits="0" branch="false"/>
								<line number="122" hits="0" branch="false"/>
								<line number="135" hits="0" branch="false"/>
								<line number="139" hits="0" branch="false"/>
							</lines>
						</method>
						<method name="run" signature="()V" line-rate="0.0" branch-rate="1.0">
							<lines>
								<line number="112" hits="0" branch="false"/>
								<line number="113" hits="0" branch="false"/>
								<line number="123" hits="0" branch="false"/>
								<line number="124" hits="0" branch="false"/>
								<line number="125" hits="0" branch="false"/>
								<line number="126" hits="0" branch="false"/>
								<line number="138" hits="0" branch="false"/>
								<line number="142" hits="0" branch="false"/>
								<line number="143" hits="0" branch="false"/>
							</lines>
						</method>
					</methods>
					<lines>
						<line number="1" hits="0" branch="false"/>
						<line number="109" hits="0" branch="false"/>
						<line number="112" hits="0" branch="false"/>
						<line number="113" hits="0" branch="false"/>
						<line number="119" hits="0" branch="false"/>
						<line number="120" hits="0" branch="false"/>
						<line number="121" hits="0" branch="false"/>
						<line number="122" hits="0" branch="false"/>
						<line number="123" hits="0" branch="false"/>
						<line number="124" hits="0" branch="false"/>
						<line number="125" hits="0" branch="false"/>
						<line number="126" hits="0" branch="false"/>
						<line number="135" hits="0" branch="false"/>
						<line number="138" hits="0" branch="false"/>
						<line number="139" hits="0" branch="false"/>
						<line number="142" hits="0" branch="false"/>
						<line number="143" hits="0" branch="false"/>
					</lines>
				</class>
				<class name="jp.co.fttx.rakuphotomail.test.CopyOfGallerySendingMailTest$2" filename="jp/co/fttx/rakuphotomail/test/CopyOfGallerySendingMailTest.java" line-rate="0.0" branch-rate="1.0" complexity="0.0">
					<methods>
						<method name="&lt;init&gt;" signature="(Ljp/co/fttx/rakuphotomail/test/CopyOfGallerySendingMailTest;)V" line-rate="0.0" branch-rate="1.0">
							<lines>
								<line number="1" hits="0" branch="false"/>
								<line number="117" hits="0" branch="false"/>
								<line number="127" hits="0" branch="false"/>
								<line number="128" hits="0" branch="false"/>
								<line number="129" hits="0" branch="false"/>
								<line number="130" hits="0" branch="false"/>
								<line number="143" hits="0" branch="false"/>
								<line number="147" hits="0" branch="false"/>
							</lines>
						</method>
						<method name="run" signature="()V" line-rate="0.0" branch-rate="1.0">
							<lines>
								<line number="120" hits="0" branch="false"/>
								<line number="121" hits="0" branch="false"/>
								<line number="131" hits="0" branch="false"/>
								<line number="132" hits="0" branch="false"/>
								<line number="133" hits="0" branch="false"/>
								<line number="134" hits="0" branch="false"/>
								<line number="146" hits="0" branch="false"/>
								<line number="150" hits="0" branch="false"/>
								<line number="151" hits="0" branch="false"/>
							</lines>
						</method>
					</methods>
					<lines>
						<line number="1" hits="0" branch="false"/>
						<line number="117" hits="0" branch="false"/>
						<line number="120" hits="0" branch="false"/>
						<line number="121" hits="0" branch="false"/>
						<line number="127" hits="0" branch="false"/>
						<line number="128" hits="0" branch="false"/>
						<line number="129" hits="0" branch="false"/>
						<line number="130" hits="0" branch="false"/>
						<line number="131" hits="0" branch="false"/>
						<line number="132" hits="0" branch="false"/>
						<line number="133" hits="0" branch="false"/>
						<line number="134" hits="0" branch="false"/>
						<line number="143" hits="0" branch="false"/>
						<line number="146" hits="0" branch="false"/>
						<line number="147" hits="0" branch="false"/>
						<line number="150" hits="0" branch="false"/>
						<line number="151" hits="0" branch="false"/>
					</lines>
				</class>
				<class name="jp.co.fttx.rakuphotomail.test.CopyOfGallerySendingMailTest$3" filename="jp/co/fttx/rakuphotomail/test/CopyOfGallerySendingMailTest.java" line-rate="0.0" branch-rate="1.0" complexity="0.0">
					<methods>
						<method name="&lt;init&gt;" signature="(Ljp/co/fttx/rakuphotomail/test/CopyOfGallerySendingMailTest;)V" line-rate="0.0" branch-rate="1.0">
							<lines>
								<line number="1" hits="0" branch="false"/>
								<line number="182" hits="0" branch="false"/>
								<line number="183" hits="0" branch="false"/>
								<line number="184" hits="0" branch="false"/>
								<line number="208" hits="0" branch="false"/>
								<line number="218" hits="0" branch="false"/>
							</lines>
						</method>
						<method name="run" signature="()V" line-rate="0.0" branch-rate="1.0">
							<lines>
								<line number="185" hits="0" branch="false"/>
								<line number="186" hits="0" branch="false"/>
								<line number="187" hits="0" branch="false"/>
								<line number="188" hits="0" branch="false"/>
								<line number="211" hits="0" branch="false"/>
								<line number="212" hits="0" branch="false"/>
								<line number="221" hits="0" branch="false"/>
								<line number="222" hits="0" branch="false"/>
							</lines>
						</method>
					</methods>
					<lines>
						<line number="1" hits="0" branch="false"/>
						<line number="182" hits="0" branch="false"/>
						<line number="183" hits="0" branch="false"/>
						<line number="184" hits="0" branch="false"/>
						<line number="185" hits="0" branch="false"/>
						<line number="186" hits="0" branch="false"/>
						<line number="187" hits="0" branch="false"/>
						<line number="188" hits="0" branch="false"/>
						<line number="208" hits="0" branch="false"/>
						<line number="211" hits="0" branch="false"/>
						<line number="212" hits="0" branch="false"/>
						<line number="218" hits="0" branch="false"/>
						<line number="221" hits="0" branch="false"/>
						<line number="222" hits="0" branch="false"/>
					</lines>
				</class>
				<class name="jp.co.fttx.rakuphotomail.test.CopyOfGallerySendingMailTest$4" filename="jp/co/fttx/rakuphotomail/test/CopyOfGallerySendingMailTest.java" line-rate="0.0" branch-rate="1.0" complexity="0.0">
					<methods>
						<method name="&lt;init&gt;" signature="(Ljp/co/fttx/rakuphotomail/test/CopyOfGallerySendingMailTest;)V" line-rate="0.0" branch-rate="1.0">
							<lines>
								<line number="1" hits="0" branch="false"/>
								<line number="190" hits="0" branch="false"/>
								<line number="191" hits="0" branch="false"/>
								<line number="192" hits="0" branch="false"/>
								<line number="216" hits="0" branch="false"/>
								<line number="226" hits="0" branch="false"/>
							</lines>
						</method>
						<method name="run" signature="()V" line-rate="0.0" branch-rate="1.0">
							<lines>
								<line number="193" hits="0" branch="false"/>
								<line number="194" hits="0" branch="false"/>
								<line number="195" hits="0" branch="false"/>
								<line number="196" hits="0" branch="false"/>
								<line number="219" hits="0" branch="false"/>
								<line number="220" hits="0" branch="false"/>
								<line number="229" hits="0" branch="false"/>
								<line number="230" hits="0" branch="false"/>
							</lines>
						</method>
					</methods>
					<lines>
						<line number="1" hits="0" branch="false"/>
						<line number="190" hits="0" branch="false"/>
						<line number="191" hits="0" branch="false"/>
						<line number="192" hits="0" branch="false"/>
						<line number="193" hits="0" branch="false"/>
						<line number="194" hits="0" branch="false"/>
						<line number="195" hits="0" branch="false"/>
						<line number="196" hits="0" branch="false"/>
						<line number="216" hits="0" branch="false"/>
						<line number="219" hits="0" branch="false"/>
						<line number="220" hits="0" branch="false"/>
						<line number="226" hits="0" branch="false"/>
						<line number="229" hits="0" branch="false"/>
						<line number="230" hits="0" branch="false"/>
					</lines>
				</class>
				<class name="jp.co.fttx.rakuphotomail.test.Copy_2_of_GallerySendingMailTest" filename="jp/co/fttx/rakuphotomail/test/Copy_2_of_GallerySendingMailTest.java" line-rate="0.0" branch-rate="0.0" complexity="0.0">
					<methods>
						<method name="&lt;init&gt;" signature="()V" line-rate="0.0" branch-rate="1.0">
							<lines>
								<line number="48" hits="0" branch="false"/>
								<line number="49" hits="0" branch="false"/>
							</lines>
						</method>
						<method name="access$0" signature="(Ljp/co/fttx/rakuphotomail/test/Copy_2_of_GallerySendingMailTest;)Landroid/widget/EditText;" line-rate="0.0" branch-rate="1.0">
							<lines>
								<line number="32" hits="0" branch="false"/>
							</lines>
						</method>
						<method name="access$1" signature="(Ljp/co/fttx/rakuphotomail/test/Copy_2_of_GallerySendingMailTest;)Landroid/widget/Button;" line-rate="0.0" branch-rate="1.0">
							<lines>
								<line number="36" hits="0" branch="false"/>
							</lines>
						</method>
						<method name="setUp" signature="()V" line-rate="0.0" branch-rate="1.0">
							<lines>
								<line number="58" hits="0" branch="false"/>
								<line number="60" hits="0" branch="false"/>
								<line number="61" hits="0" branch="false"/>
								<line number="62" hits="0" branch="false"/>
								<line number="63" hits="0" branch="false"/>
								<line number="64" hits="0" branch="false"/>
								<line number="65" hits="0" branch="false"/>
								<line number="66" hits="0" branch="false"/>
								<line number="68" hits="0" branch="false"/>
								<line number="69" hits="0" branch="false"/>
								<line number="70" hits="0" branch="false"/>
								<line number="71" hits="0" branch="false"/>
								<line number="72" hits="0" branch="false"/>
								<line number="73" hits="0" branch="false"/>
								<line number="75" hits="0" branch="false"/>
								<line number="77" hits="0" branch="false"/>
								<line number="78" hits="0" branch="false"/>
								<line number="79" hits="0" branch="false"/>
								<line number="80" hits="0" branch="false"/>
								<line number="81" hits="0" branch="false"/>
								<line number="82" hits="0" branch="false"/>
								<line number="83" hits="0" branch="false"/>
								<line number="84" hits="0" branch="false"/>
								<line number="85" hits="0" branch="false"/>
								<line number="87" hits="0" branch="false"/>
								<line number="88" hits="0" branch="false"/>
							</lines>
						</method>
						<method name="tearDown" signature="()V" line-rate="0.0" branch-rate="1.0">
							<lines>
								<line number="97" hits="0" branch="false"/>
								<line number="98" hits="0" branch="false"/>
							</lines>
						</method>
						<method name="testReplyMailSizeOK" signature="()V" line-rate="0.0" branch-rate="0.0">
							<lines>
								<line number="101" hits="0" branch="false"/>
								<line number="102" hits="0" branch="false"/>
								<line number="103" hits="0" branch="false"/>
								<line number="104" hits="0" branch="false"/>
								<line number="106" hits="0" branch="false"/>
								<line number="107" hits="0" branch="false"/>
								<line number="108" hits="0" branch="false"/>
								<line number="109" hits="0" branch="false"/>
								<line number="110" hits="0" branch="false"/>
								<line number="111" hits="0" branch="false"/>
								<line number="112" hits="0" branch="false"/>
								<line number="113" hits="0" branch="false"/>
								<line number="114" hits="0" branch="false"/>
								<line number="115" hits="0" branch="false"/>
								<line number="116" hits="0" branch="false"/>
								<line number="120" hits="0" branch="false"/>
								<line number="121" hits="0" branch="false"/>
								<line number="122" hits="0" branch="false"/>
								<line number="123" hits="0" branch="false"/>
								<line number="124" hits="0" branch="false"/>
								<line number="125" hits="0" branch="false"/>
								<line number="126" hits="0" branch="false"/>
								<line number="127" hits="0" branch="false"/>
								<line number="128" hits="0" branch="false"/>
								<line number="129" hits="0" branch="false"/>
								<line number="130" hits="0" branch="false"/>
								<line number="131" hits="0" branch="false"/>
								<line number="132" hits="0" branch="false"/>
								<line number="133" hits="0" branch="false"/>
								<line number="134" hits="0" branch="false"/>
								<line number="135" hits="0" branch="false"/>
								<line number="136" hits="0" branch="false"/>
								<line number="137" hits="0" branch="false"/>
								<line number="138" hits="0" branch="false"/>
								<line number="140" hits="0" branch="true" condition-coverage="0% (0/2)">
									<conditions>
										<condition number="0" type="jump" coverage="0%"/>
									</conditions>
								</line>
								<line number="141" hits="0" branch="false"/>
								<line number="142" hits="0" branch="false"/>
								<line number="143" hits="0" branch="false"/>
								<line number="144" hits="0" branch="false"/>
								<line number="146" hits="0" branch="false"/>
								<line number="147" hits="0" branch="false"/>
								<line number="148" hits="0" branch="false"/>
								<line number="149" hits="0" branch="true" condition-coverage="0% (0/2)">
									<conditions>
										<condition number="0" type="jump" coverage="0%"/>
									</conditions>
								</line>
								<line number="150" hits="0" branch="false"/>
								<line number="151" hits="0" branch="true" condition-coverage="0% (0/2)">
									<conditions>
										<condition number="0" type="jump" coverage="0%"/>
									</conditions>
								</line>
								<line number="152" hits="0" branch="false"/>
								<line number="154" hits="0" branch="false"/>
							</lines>
						</method>
					</methods>
					<lines>
						<line number="32" hits="0" branch="false"/>
						<line number="36" hits="0" branch="false"/>
						<line number="48" hits="0" branch="false"/>
						<line number="49" hits="0" branch="false"/>
						<line number="58" hits="0" branch="false"/>
						<line number="60" hits="0" branch="false"/>
						<line number="61" hits="0" branch="false"/>
						<line number="62" hits="0" branch="false"/>
						<line number="63" hits="0" branch="false"/>
						<line number="64" hits="0" branch="false"/>
						<line number="65" hits="0" branch="false"/>
						<line number="66" hits="0" branch="false"/>
						<line number="68" hits="0" branch="false"/>
						<line number="69" hits="0" branch="false"/>
						<line number="70" hits="0" branch="false"/>
						<line number="71" hits="0" branch="false"/>
						<line number="72" hits="0" branch="false"/>
						<line number="73" hits="0" branch="false"/>
						<line number="75" hits="0" branch="false"/>
						<line number="77" hits="0" branch="false"/>
						<line number="78" hits="0" branch="false"/>
						<line number="79" hits="0" branch="false"/>
						<line number="80" hits="0" branch="false"/>
						<line number="81" hits="0" branch="false"/>
						<line number="82" hits="0" branch="false"/>
						<line number="83" hits="0" branch="false"/>
						<line number="84" hits="0" branch="false"/>
						<line number="85" hits="0" branch="false"/>
						<line number="87" hits="0" branch="false"/>
						<line number="88" hits="0" branch="false"/>
						<line number="97" hits="0" branch="false"/>
						<line number="98" hits="0" branch="false"/>
						<line number="101" hits="0" branch="false"/>
						<line number="102" hits="0" branch="false"/>
						<line number="103" hits="0" branch="false"/>
						<line number="104" hits="0" branch="false"/>
						<line number="106" hits="0" branch="false"/>
						<line number="107" hits="0" branch="false"/>
						<line number="108" hits="0" branch="false"/>
						<line number="109" hits="0" branch="false"/>
						<line number="110" hits="0" branch="false"/>
						<line number="111" hits="0" branch="false"/>
						<line number="112" hits="0" branch="false"/>
						<line number="113" hits="0" branch="false"/>
						<line number="114" hits="0" branch="false"/>
						<line number="115" hits="0" branch="false"/>
						<line number="116" hits="0" branch="false"/>
						<line number="120" hits="0" branch="false"/>
						<line number="121" hits="0" branch="false"/>
						<line number="122" hits="0" branch="false"/>
						<line number="123" hits="0" branch="false"/>
						<line number="124" hits="0" branch="false"/>
						<line number="125" hits="0" branch="false"/>
						<line number="126" hits="0" branch="false"/>
						<line number="127" hits="0" branch="false"/>
						<line number="128" hits="0" branch="false"/>
						<line number="129" hits="0" branch="false"/>
						<line number="130" hits="0" branch="false"/>
						<line number="131" hits="0" branch="false"/>
						<line number="132" hits="0" branch="false"/>
						<line number="133" hits="0" branch="false"/>
						<line number="134" hits="0" branch="false"/>
						<line number="135" hits="0" branch="false"/>
						<line number="136" hits="0" branch="false"/>
						<line number="137" hits="0" branch="false"/>
						<line number="138" hits="0" branch="false"/>
						<line number="140" hits="0" branch="true" condition-coverage="0% (0/2)">
							<conditions>
								<condition number="0" type="jump" coverage="0%"/>
							</conditions>
						</line>
						<line number="141" hits="0" branch="false"/>
						<line number="142" hits="0" branch="false"/>
						<line number="143" hits="0" branch="false"/>
						<line number="144" hits="0" branch="false"/>
						<line number="146" hits="0" branch="false"/>
						<line number="147" hits="0" branch="false"/>
						<line number="148" hits="0" branch="false"/>
						<line number="149" hits="0" branch="true" condition-coverage="0% (0/2)">
							<conditions>
								<condition number="0" type="jump" coverage="0%"/>
							</conditions>
						</line>
						<line number="150" hits="0" branch="false"/>
						<line number="151" hits="0" branch="true" condition-coverage="0% (0/2)">
							<conditions>
								<condition number="0" type="jump" coverage="0%"/>
							</conditions>
						</line>
						<line number="152" hits="0" branch="false"/>
						<line number="154" hits="0" branch="false"/>
					</lines>
				</class>
				<class name="jp.co.fttx.rakuphotomail.test.Copy_2_of_GallerySendingMailTest$1" filename="jp/co/fttx/rakuphotomail/test/Copy_2_of_GallerySendingMailTest.java" line-rate="0.0" branch-rate="1.0" complexity="0.0">
					<methods>
						<method name="&lt;init&gt;" signature="(Ljp/co/fttx/rakuphotomail/test/Copy_2_of_GallerySendingMailTest;)V" line-rate="0.0" branch-rate="1.0">
							<lines>
								<line number="1" hits="0" branch="false"/>
								<line number="102" hits="0" branch="false"/>
								<line number="115" hits="0" branch="false"/>
							</lines>
						</method>
						<method name="run" signature="()V" line-rate="0.0" branch-rate="1.0">
							<lines>
								<line number="105" hits="0" branch="false"/>
								<line number="106" hits="0" branch="false"/>
								<line number="118" hits="0" branch="false"/>
								<line number="119" hits="0" branch="false"/>
							</lines>
						</method>
					</methods>
					<lines>
						<line number="1" hits="0" branch="false"/>
						<line number="102" hits="0" branch="false"/>
						<line number="105" hits="0" branch="false"/>
						<line number="106" hits="0" branch="false"/>
						<line number="115" hits="0" branch="false"/>
						<line number="118" hits="0" branch="false"/>
						<line number="119" hits="0" branch="false"/>
					</lines>
				</class>
				<class name="jp.co.fttx.rakuphotomail.test.Copy_2_of_GallerySendingMailTest$2" filename="jp/co/fttx/rakuphotomail/test/Copy_2_of_GallerySendingMailTest.java" line-rate="0.0" branch-rate="1.0" complexity="0.0">
					<methods>
						<method name="&lt;init&gt;" signature="(Ljp/co/fttx/rakuphotomail/test/Copy_2_of_GallerySendingMailTest;)V" line-rate="0.0" branch-rate="1.0">
							<lines>
								<line number="1" hits="0" branch="false"/>
								<line number="114" hits="0" branch="false"/>
								<line number="115" hits="0" branch="false"/>
								<line number="116" hits="0" branch="false"/>
								<line number="127" hits="0" branch="false"/>
								<line number="136" hits="0" branch="false"/>
								<line number="138" hits="0" branch="false"/>
							</lines>
						</method>
						<method name="run" signature="()V" line-rate="0.0" branch-rate="1.0">
							<lines>
								<line number="117" hits="0" branch="false"/>
								<line number="118" hits="0" branch="false"/>
								<line number="119" hits="0" branch="false"/>
								<line number="120" hits="0" branch="false"/>
								<line number="130" hits="0" branch="false"/>
								<line number="131" hits="0" branch="false"/>
								<line number="139" hits="0" branch="false"/>
								<line number="140" hits="0" branch="false"/>
								<line number="141" hits="0" branch="false"/>
								<line number="142" hits="0" branch="false"/>
							</lines>
						</method>
					</methods>
					<lines>
						<line number="1" hits="0" branch="false"/>
						<line number="114" hits="0" branch="false"/>
						<line number="115" hits="0" branch="false"/>
						<line number="116" hits="0" branch="false"/>
						<line number="117" hits="0" branch="false"/>
						<line number="118" hits="0" branch="false"/>
						<line number="119" hits="0" branch="false"/>
						<line number="120" hits="0" branch="false"/>
						<line number="127" hits="0" branch="false"/>
						<line number="130" hits="0" branch="false"/>
						<line number="131" hits="0" branch="false"/>
						<line number="136" hits="0" branch="false"/>
						<line number="138" hits="0" branch="false"/>
						<line number="139" hits="0" branch="false"/>
						<line number="140" hits="0" branch="false"/>
						<line number="141" hits="0" branch="false"/>
						<line number="142" hits="0" branch="false"/>
					</lines>
				</class>
				<class name="jp.co.fttx.rakuphotomail.test.GallerySendingMailTest" filename="jp/co/fttx/rakuphotomail/test/GallerySendingMailTest.java" line-rate="0.0" branch-rate="0.0" complexity="1.0">
					<methods>
						<method name="&lt;init&gt;" signature="()V" line-rate="0.0" branch-rate="1.0">
							<lines>
								<line number="45" hits="0" branch="false"/>
								<line number="46" hits="0" branch="false"/>
								<line number="47" hits="0" branch="false"/>
								<line number="48" hits="0" branch="false"/>
								<line number="49" hits="0" branch="false"/>
								<line number="50" hits="0" branch="false"/>
								<line number="51" hits="0" branch="false"/>
								<line number="52" hits="0" branch="false"/>
							</lines>
						</method>
						<method name="access$0" signature="(Ljp/co/fttx/rakuphotomail/test/GallerySendingMailTest;)Landroid/widget/Button;" line-rate="1.0" branch-rate="1.0">
							<lines>
							</lines>
						</method>
						<method name="access$0" signature="(Ljp/co/fttx/rakuphotomail/test/GallerySendingMailTest;)Landroid/widget/EditText;" line-rate="0.0" branch-rate="1.0">
							<lines>
								<line number="30" hits="0" branch="false"/>
								<line number="31" hits="0" branch="false"/>
								<line number="32" hits="0" branch="false"/>
								<line number="33" hits="0" branch="false"/>
								<line number="34" hits="0" branch="false"/>
								<line number="35" hits="0" branch="false"/>
							</lines>
						</method>
						<method name="access$000" signature="(Ljp/co/fttx/rakuphotomail/test/GallerySendingMailTest;)Landroid/widget/EditText;" line-rate="1.0" branch-rate="1.0">
							<lines>
							</lines>
						</method>
						<method name="access$1" signature="(Ljp/co/fttx/rakuphotomail/test/GallerySendingMailTest;)Landroid/widget/Button;" line-rate="0.0" branch-rate="1.0">
							<lines>
								<line number="36" hits="0" branch="false"/>
								<line number="37" hits="0" branch="false"/>
								<line number="38" hits="0" branch="false"/>
								<line number="39" hits="0" branch="false"/>
							</lines>
						</method>
						<method name="access$1" signature="(Ljp/co/fttx/rakuphotomail/test/GallerySendingMailTest;)Landroid/widget/EditText;" line-rate="1.0" branch-rate="1.0">
							<lines>
							</lines>
						</method>
						<method name="access$100" signature="(Ljp/co/fttx/rakuphotomail/test/GallerySendingMailTest;)Landroid/widget/Button;" line-rate="0.0" branch-rate="1.0">
							<lines>
								<line number="26" hits="0" branch="false"/>
							</lines>
						</method>
						<method name="setUp" signature="()V" line-rate="0.0" branch-rate="1.0">
							<lines>
								<line number="55" hits="0" branch="false"/>
								<line number="57" hits="0" branch="false"/>
								<line number="58" hits="0" branch="false"/>
								<line number="59" hits="0" branch="false"/>
								<line number="60" hits="0" branch="false"/>
								<line number="61" hits="0" branch="false"/>
								<line number="62" hits="0" branch="false"/>
								<line number="63" hits="0" branch="false"/>
								<line number="64" hits="0" branch="false"/>
								<line number="65" hits="0" branch="false"/>
								<line number="66" hits="0" branch="false"/>
								<line number="67" hits="0" branch="false"/>
								<line number="68" hits="0" branch="false"/>
								<line number="69" hits="0" branch="false"/>
								<line number="70" hits="0" branch="false"/>
								<line number="71" hits="0" branch="false"/>
								<line number="72" hits="0" branch="false"/>
								<line number="73" hits="0" branch="false"/>
								<line number="74" hits="0" branch="false"/>
							</lines>
						</method>
						<method name="setUpViews" signature="()V" line-rate="0.0" branch-rate="1.0">
							<lines>
								<line number="241" hits="0" branch="false"/>
								<line number="325" hits="0" branch="false"/>
								<line number="326" hits="0" branch="false"/>
								<line number="378" hits="0" branch="false"/>
								<line number="379" hits="0" branch="false"/>
								<line number="380" hits="0" branch="false"/>
								<line number="381" hits="0" branch="false"/>
								<line number="382" hits="0" branch="false"/>
								<line number="391" hits="0" branch="false"/>
								<line number="459" hits="0" branch="false"/>
								<line number="462" hits="0" branch="false"/>
								<line number="463" hits="0" branch="false"/>
								<line number="464" hits="0" branch="false"/>
								<line number="465" hits="0" branch="false"/>
								<line number="466" hits="0" branch="false"/>
								<line number="518" hits="0" branch="false"/>
								<line number="519" hits="0" branch="false"/>
								<line number="520" hits="0" branch="false"/>
								<line number="521" hits="0" branch="false"/>
								<line number="522" hits="0" branch="false"/>
								<line number="523" hits="0" branch="false"/>
								<line number="524" hits="0" branch="false"/>
								<line number="525" hits="0" branch="false"/>
								<line number="526" hits="0" branch="false"/>
								<line number="528" hits="0" branch="false"/>
								<line number="529" hits="0" branch="false"/>
							</lines>
						</method>
						<method name="startActivity" signature="()V" line-rate="0.0" branch-rate="1.0">
							<lines>
								<line number="182" hits="0" branch="false"/>
								<line number="191" hits="0" branch="false"/>
								<line number="252" hits="0" branch="false"/>
								<line number="260" hits="0" branch="false"/>
								<line number="261" hits="0" branch="false"/>
								<line number="304" hits="0" branch="false"/>
								<line number="306" hits="0" branch="false"/>
								<line number="309" hits="0" branch="false"/>
								<line number="312" hits="0" branch="false"/>
								<line number="314" hits="0" branch="false"/>
								<line number="315" hits="0" branch="false"/>
								<line number="317" hits="0" branch="false"/>
								<line number="320" hits="0" branch="false"/>
								<line number="321" hits="0" branch="false"/>
								<line number="385" hits="0" branch="false"/>
								<line number="386" hits="0" branch="false"/>
								<line number="388" hits="0" branch="false"/>
								<line number="390" hits="0" branch="false"/>
								<line number="392" hits="0" branch="false"/>
								<line number="393" hits="0" branch="false"/>
								<line number="394" hits="0" branch="false"/>
								<line number="396" hits="0" branch="false"/>
								<line number="398" hits="0" branch="false"/>
								<line number="400" hits="0" branch="false"/>
								<line number="401" hits="0" branch="false"/>
								<line number="443" hits="0" branch="false"/>
								<line number="444" hits="0" branch="false"/>
								<line number="445" hits="0" branch="false"/>
								<line number="446" hits="0" branch="false"/>
								<line number="447" hits="0" branch="false"/>
								<line number="448" hits="0" branch="false"/>
								<line number="449" hits="0" branch="false"/>
								<line number="450" hits="0" branch="false"/>
								<line number="452" hits="0" branch="false"/>
								<line number="453" hits="0" branch="false"/>
								<line number="454" hits="0" branch="false"/>
								<line number="455" hits="0" branch="false"/>
								<line number="456" hits="0" branch="false"/>
								<line number="457" hits="0" branch="false"/>
								<line number="458" hits="0" branch="false"/>
								<line number="460" hits="0" branch="false"/>
								<line number="461" hits="0" branch="false"/>
							</lines>
						</method>
						<method name="startActivityDefaultTo" signature="()V" line-rate="0.0" branch-rate="1.0">
							<lines>
								<line number="268" hits="0" branch="false"/>
								<line number="273" hits="0" branch="false"/>
								<line number="275" hits="0" branch="false"/>
								<line number="276" hits="0" branch="false"/>
								<line number="279" hits="0" branch="false"/>
								<line number="289" hits="0" branch="false"/>
								<line number="328" hits="0" branch="false"/>
								<line number="331" hits="0" branch="false"/>
								<line number="333" hits="0" branch="false"/>
								<line number="334" hits="0" branch="false"/>
								<line number="336" hits="0" branch="false"/>
								<line number="338" hits="0" branch="false"/>
								<line number="339" hits="0" branch="false"/>
								<line number="340" hits="0" branch="false"/>
								<line number="341" hits="0" branch="false"/>
								<line number="342" hits="0" branch="false"/>
								<line number="343" hits="0" branch="false"/>
								<line number="346" hits="0" branch="false"/>
								<line number="348" hits="0" branch="false"/>
								<line number="408" hits="0" branch="false"/>
								<line number="411" hits="0" branch="false"/>
								<line number="413" hits="0" branch="false"/>
								<line number="414" hits="0" branch="false"/>
								<line number="415" hits="0" branch="false"/>
								<line number="417" hits="0" branch="false"/>
								<line number="419" hits="0" branch="false"/>
								<line number="425" hits="0" branch="false"/>
								<line number="468" hits="0" branch="false"/>
								<line number="469" hits="0" branch="false"/>
								<line number="470" hits="0" branch="false"/>
								<line number="471" hits="0" branch="false"/>
								<line number="472" hits="0" branch="false"/>
								<line number="473" hits="0" branch="false"/>
								<line number="474" hits="0" branch="false"/>
								<line number="475" hits="0" branch="false"/>
								<line number="477" hits="0" branch="false"/>
								<line number="478" hits="0" branch="false"/>
								<line number="479" hits="0" branch="false"/>
								<line number="480" hits="0" branch="false"/>
								<line number="481" hits="0" branch="false"/>
								<line number="482" hits="0" branch="false"/>
								<line number="483" hits="0" branch="false"/>
								<line number="485" hits="0" branch="false"/>
								<line number="486" hits="0" branch="false"/>
							</lines>
						</method>
						<method name="startActivitySentFlagOn" signature="()V" line-rate="0.0" branch-rate="1.0">
							<lines>
								<line number="299" hits="0" branch="false"/>
								<line number="300" hits="0" branch="false"/>
								<line number="354" hits="0" branch="false"/>
								<line number="359" hits="0" branch="false"/>
								<line number="364" hits="0" branch="false"/>
								<line number="367" hits="0" branch="false"/>
								<line number="369" hits="0" branch="false"/>
								<line number="370" hits="0" branch="false"/>
								<line number="372" hits="0" branch="false"/>
								<line number="433" hits="0" branch="false"/>
								<line number="435" hits="0" branch="false"/>
								<line number="437" hits="0" branch="false"/>
								<line number="438" hits="0" branch="false"/>
								<line number="439" hits="0" branch="false"/>
								<line number="440" hits="0" branch="false"/>
								<line number="442" hits="0" branch="false"/>
								<line number="451" hits="0" branch="false"/>
								<line number="493" hits="0" branch="false"/>
								<line number="494" hits="0" branch="false"/>
								<line number="495" hits="0" branch="false"/>
								<line number="496" hits="0" branch="false"/>
								<line number="497" hits="0" branch="false"/>
								<line number="498" hits="0" branch="false"/>
								<line number="499" hits="0" branch="false"/>
								<line number="500" hits="0" branch="false"/>
								<line number="502" hits="0" branch="false"/>
								<line number="503" hits="0" branch="false"/>
								<line number="504" hits="0" branch="false"/>
								<line number="505" hits="0" branch="false"/>
								<line number="506" hits="0" branch="false"/>
								<line number="507" hits="0" branch="false"/>
								<line number="508" hits="0" branch="false"/>
								<line number="510" hits="0" branch="false"/>
								<line number="511" hits="0" branch="false"/>
							</lines>
						</method>
						<method name="tearDown" signature="()V" line-rate="0.0" branch-rate="1.0">
							<lines>
								<line number="75" hits="0" branch="false"/>
								<line number="76" hits="0" branch="false"/>
								<line number="77" hits="0" branch="false"/>
								<line number="78" hits="0" branch="false"/>
								<line number="79" hits="0" branch="false"/>
							</lines>
						</method>
						<method name="testInitialInput" signature="()V" line-rate="0.0" branch-rate="0.0">
							<lines>
								<line number="80" hits="0" branch="false"/>
								<line number="81" hits="0" branch="false"/>
								<line number="82" hits="0" branch="false"/>
								<line number="83" hits="0" branch="false"/>
								<line number="84" hits="0" branch="false"/>
								<line number="85" hits="0" branch="false"/>
								<line number="86" hits="0" branch="false"/>
								<line number="87" hits="0" branch="false"/>
								<line number="90" hits="0" branch="false"/>
								<line number="153" hits="0" branch="false"/>
								<line number="154" hits="0" branch="true" condition-coverage="0% (0/2)">
									<conditions>
										<condition number="0" type="jump" coverage="0%"/>
									</conditions>
								</line>
								<line number="156" hits="0" branch="true" condition-coverage="0% (0/2)">
									<conditions>
										<condition number="0" type="jump" coverage="0%"/>
									</conditions>
								</line>
								<line number="157" hits="0" branch="false"/>
							</lines>
						</method>
						<method name="testInitialInputHint" signature="()V" line-rate="0.0" branch-rate="1.0">
							<lines>
								<line number="166" hits="0" branch="false"/>
								<line number="167" hits="0" branch="false"/>
								<line number="169" hits="0" branch="false"/>
								<line number="170" hits="0" branch="false"/>
							</lines>
						</method>
						<method name="testNotNullMMailContent" signature="()V" line-rate="0.0" branch-rate="1.0">
							<lines>
								<line number="88" hits="0" branch="false"/>
								<line number="89" hits="0" branch="false"/>
								<line number="91" hits="0" branch="false"/>
								<line number="92" hits="0" branch="false"/>
							</lines>
						</method>
						<method name="testNotNullMSend" signature="()V" line-rate="0.0" branch-rate="1.0">
							<lines>
								<line number="114" hits="0" branch="false"/>
								<line number="115" hits="0" branch="false"/>
								<line number="117" hits="0" branch="false"/>
								<line number="118" hits="0" branch="false"/>
							</lines>
						</method>
						<method name="testNotNullMSentFlag" signature="()V" line-rate="0.0" branch-rate="1.0">
							<lines>
								<line number="127" hits="0" branch="false"/>
								<line number="128" hits="0" branch="false"/>
								<line number="130" hits="0" branch="false"/>
								<line number="131" hits="0" branch="false"/>
							</lines>
						</method>
						<method name="testNotNullMTo" signature="()V" line-rate="0.0" branch-rate="1.0">
							<lines>
								<line number="101" hits="0" branch="false"/>
								<line number="102" hits="0" branch="false"/>
								<line number="104" hits="0" branch="false"/>
								<line number="105" hits="0" branch="false"/>
							</lines>
						</method>
						<method name="testNotNullMToName" signature="()V" line-rate="0.0" branch-rate="1.0">
							<lines>
								<line number="140" hits="0" branch="false"/>
								<line number="141" hits="0" branch="false"/>
								<line number="143" hits="0" branch="false"/>
								<line number="144" hits="0" branch="false"/>
							</lines>
						</method>
						<method name="testReplyMailSizeOK" signature="()V" line-rate="0.0" branch-rate="0.0">
							<lines>
								<line number="158" hits="0" branch="false"/>
								<line number="159" hits="0" branch="false"/>
								<line number="160" hits="0" branch="false"/>
								<line number="161" hits="0" branch="false"/>
								<line number="163" hits="0" branch="true" condition-coverage="0% (0/2)">
									<conditions>
										<condition number="0" type="jump" coverage="0%"/>
									</conditions>
								</line>
								<line number="164" hits="0" branch="false"/>
								<line number="165" hits="0" branch="true" condition-coverage="0% (0/2)">
									<conditions>
										<condition number="0" type="jump" coverage="0%"/>
									</conditions>
								</line>
								<line number="168" hits="0" branch="false"/>
								<line number="171" hits="0" branch="false"/>
								<line number="172" hits="0" branch="false"/>
								<line number="173" hits="0" branch="false"/>
								<line number="175" hits="0" branch="false"/>
								<line number="177" hits="0" branch="false"/>
								<line number="178" hits="0" branch="false"/>
								<line number="179" hits="0" branch="false"/>
								<line number="192" hits="0" branch="false"/>
								<line number="247" hits="0" branch="false"/>
								<line number="248" hits="0" branch="false"/>
								<line number="256" hits="0" branch="false"/>
								<line number="258" hits="0" branch="false"/>
								<line number="259" hits="0" branch="false"/>
								<line number="262" hits="0" branch="false"/>
								<line number="270" hits="0" branch="false"/>
								<line number="272" hits="0" branch="false"/>
								<line number="307" hits="0" branch="false"/>
								<line number="308" hits="0" branch="false"/>
								<line number="310" hits="0" branch="false"/>
								<line number="316" hits="0" branch="false"/>
								<line number="318" hits="0" branch="false"/>
								<line number="319" hits="0" branch="false"/>
								<line number="322" hits="0" branch="false"/>
								<line number="324" hits="0" branch="false"/>
								<line number="330" hits="0" branch="false"/>
								<line number="332" hits="0" branch="false"/>
							</lines>
						</method>
						<method name="testReplyMailSizeOK2" signature="()V" line-rate="0.0" branch-rate="0.0">
							<lines>
								<line number="221" hits="0" branch="true" condition-coverage="0% (0/2)">
									<conditions>
										<condition number="0" type="jump" coverage="0%"/>
									</conditions>
								</line>
							</lines>
						</method>
						<method name="testReplyMailSizeOKBoundaryvalue" signature="()V" line-rate="0.0" branch-rate="1.0">
							<lines>
								<line number="206" hits="0" branch="false"/>
								<line number="207" hits="0" branch="false"/>
								<line number="224" hits="0" branch="false"/>
								<line number="284" hits="0" branch="false"/>
								<line number="285" hits="0" branch="false"/>
								<line number="287" hits="0" branch="false"/>
								<line number="293" hits="0" branch="false"/>
								<line number="296" hits="0" branch="false"/>
								<line number="297" hits="0" branch="false"/>
								<line number="298" hits="0" branch="false"/>
								<line number="301" hits="0" branch="false"/>
								<line number="302" hits="0" branch="false"/>
								<line number="303" hits="0" branch="false"/>
								<line number="305" hits="0" branch="false"/>
								<line number="311" hits="0" branch="false"/>
								<line number="313" hits="0" branch="false"/>
								<line number="344" hits="0" branch="false"/>
								<line number="345" hits="0" branch="false"/>
								<line number="347" hits="0" branch="false"/>
								<line number="353" hits="0" branch="false"/>
								<line number="355" hits="0" branch="false"/>
								<line number="356" hits="0" branch="false"/>
								<line number="357" hits="0" branch="false"/>
								<line number="358" hits="0" branch="false"/>
								<line number="361" hits="0" branch="false"/>
								<line number="362" hits="0" branch="false"/>
								<line number="363" hits="0" branch="false"/>
								<line number="365" hits="0" branch="false"/>
								<line number="371" hits="0" branch="false"/>
								<line number="373" hits="0" branch="false"/>
							</lines>
						</method>
						<method name="testReplyMailSubjectNoInput" signature="()V" line-rate="0.0" branch-rate="0.0">
							<lines>
								<line number="149" hits="0" branch="false"/>
								<line number="188" hits="0" branch="true" condition-coverage="0% (0/2)">
									<conditions>
										<condition number="0" type="jump" coverage="0%"/>
									</conditions>
								</line>
								<line number="189" hits="0" branch="false"/>
								<line number="190" hits="0" branch="false"/>
								<line number="193" hits="0" branch="true" condition-coverage="0% (0/2)">
									<conditions>
										<condition number="0" type="jump" coverage="0%"/>
									</conditions>
								</line>
								<line number="243" hits="0" branch="false"/>
								<line number="244" hits="0" branch="false"/>
								<line number="245" hits="0" branch="false"/>
								<line number="246" hits="0" branch="false"/>
								<line number="249" hits="0" branch="false"/>
								<line number="255" hits="0" branch="false"/>
								<line number="257" hits="0" branch="false"/>
								<line number="323" hits="0" branch="false"/>
								<line number="327" hits="0" branch="false"/>
								<line number="329" hits="0" branch="false"/>
								<line number="335" hits="0" branch="false"/>
								<line number="337" hits="0" branch="false"/>
								<line number="383" hits="0" branch="false"/>
								<line number="384" hits="0" branch="false"/>
								<line number="387" hits="0" branch="false"/>
								<line number="389" hits="0" branch="false"/>
								<line number="395" hits="0" branch="false"/>
								<line number="397" hits="0" branch="false"/>
							</lines>
						</method>
						<method name="testReplyMailSubjectSizeERROR" signature="()V" line-rate="0.0" branch-rate="1.0">
							<lines>
								<line number="162" hits="0" branch="false"/>
								<line number="174" hits="0" branch="false"/>
							</lines>
						</method>
						<method name="testReplyMailSubjectSizeOVER" signature="()V" line-rate="0.0" branch-rate="0.0">
							<lines>
								<line number="176" hits="0" branch="false"/>
								<line number="210" hits="0" branch="false"/>
								<line number="213" hits="0" branch="false"/>
								<line number="216" hits="0" branch="false"/>
								<line number="228" hits="0" branch="true" condition-coverage="0% (0/2)">
									<conditions>
										<condition number="0" type="jump" coverage="0%"/>
									</conditions>
								</line>
								<line number="229" hits="0" branch="false"/>
								<line number="232" hits="0" branch="true" condition-coverage="0% (0/2)">
									<conditions>
										<condition number="0" type="jump" coverage="0%"/>
									</conditions>
								</line>
								<line number="238" hits="0" branch="false"/>
								<line number="242" hits="0" branch="false"/>
								<line number="269" hits="0" branch="false"/>
								<line number="271" hits="0" branch="false"/>
								<line number="274" hits="0" branch="false"/>
								<line number="282" hits="0" branch="false"/>
								<line number="283" hits="0" branch="false"/>
								<line number="286" hits="0" branch="false"/>
								<line number="288" hits="0" branch="false"/>
								<line number="290" hits="0" branch="false"/>
								<line number="349" hits="0" branch="false"/>
								<line number="350" hits="0" branch="false"/>
								<line number="352" hits="0" branch="false"/>
								<line number="360" hits="0" branch="false"/>
								<line number="366" hits="0" branch="false"/>
								<line number="368" hits="0" branch="false"/>
								<line number="374" hits="0" branch="false"/>
								<line number="376" hits="0" branch="false"/>
								<line number="409" hits="0" branch="false"/>
								<line number="410" hits="0" branch="false"/>
								<line number="412" hits="0" branch="false"/>
								<line number="418" hits="0" branch="false"/>
								<line number="420" hits="0" branch="false"/>
								<line number="421" hits="0" branch="false"/>
								<line number="422" hits="0" branch="false"/>
								<line number="423" hits="0" branch="false"/>
								<line number="426" hits="0" branch="false"/>
								<line number="428" hits="0" branch="false"/>
								<line number="434" hits="0" branch="false"/>
								<line number="436" hits="0" branch="false"/>
							</lines>
						</method>
						<method name="testReplySentFlagOff" signature="()V" line-rate="0.0" branch-rate="0.0">
							<lines>
								<line number="129" hits="0" branch="false"/>
								<line number="132" hits="0" branch="false"/>
								<line number="133" hits="0" branch="false"/>
								<line number="134" hits="0" branch="false"/>
								<line number="135" hits="0" branch="false"/>
								<line number="136" hits="0" branch="false"/>
								<line number="137" hits="0" branch="false"/>
								<line number="138" hits="0" branch="false"/>
								<line number="139" hits="0" branch="false"/>
								<line number="142" hits="0" branch="false"/>
								<line number="214" hits="0" branch="false"/>
								<line number="215" hits="0" branch="false"/>
								<line number="217" hits="0" branch="false"/>
								<line number="218" hits="0" branch="false"/>
								<line number="219" hits="0" branch="false"/>
								<line number="220" hits="0" branch="true" condition-coverage="0% (0/2)">
									<conditions>
										<condition number="0" type="jump" coverage="0%"/>
									</conditions>
								</line>
								<line number="263" hits="0" branch="false"/>
								<line number="264" hits="0" branch="false"/>
								<line number="266" hits="0" branch="false"/>
								<line number="267" hits="0" branch="false"/>
							</lines>
						</method>
						<method name="testReplySentFlagOn" signature="()V" line-rate="0.0" branch-rate="0.0">
							<lines>
								<line number="110" hits="0" branch="false"/>
								<line number="111" hits="0" branch="false"/>
								<line number="112" hits="0" branch="false"/>
								<line number="145" hits="0" branch="false"/>
								<line number="146" hits="0" branch="false"/>
								<line number="147" hits="0" branch="false"/>
								<line number="148" hits="0" branch="false"/>
								<line number="150" hits="0" branch="true" condition-coverage="0% (0/2)">
									<conditions>
										<condition number="0" type="jump" coverage="0%"/>
									</conditions>
								</line>
								<line number="151" hits="0" branch="false"/>
								<line number="152" hits="0" branch="true" condition-coverage="0% (0/2)">
									<conditions>
										<condition number="0" type="jump" coverage="0%"/>
									</conditions>
								</line>
								<line number="155" hits="0" branch="false"/>
								<line number="230" hits="0" branch="true" condition-coverage="0% (0/2)">
									<conditions>
										<condition number="0" type="jump" coverage="0%"/>
									</conditions>
								</line>
								<line number="231" hits="0" branch="false"/>
								<line number="233" hits="0" branch="false"/>
								<line number="234" hits="0" branch="true" condition-coverage="0% (0/2)">
									<conditions>
										<condition number="0" type="jump" coverage="0%"/>
									</conditions>
								</line>
								<line number="235" hits="0" branch="false"/>
								<line number="291" hits="0" branch="false"/>
								<line number="292" hits="0" branch="false"/>
								<line number="294" hits="0" branch="false"/>
								<line number="295" hits="0" branch="false"/>
							</lines>
						</method>
						<method name="testReplySentFlagOnStr" signature="()V" line-rate="0.0" branch-rate="1.0">
							<lines>
								<line number="277" hits="0" branch="false"/>
								<line number="278" hits="0" branch="false"/>
								<line number="280" hits="0" branch="false"/>
								<line number="281" hits="0" branch="false"/>
							</lines>
						</method>
						<method name="testSentFlag" signature="()V" line-rate="1.0" branch-rate="1.0">
							<lines>
							</lines>
						</method>
						<method name="testSentFlagDefault" signature="()V" line-rate="1.0" branch-rate="1.0">
							<lines>
							</lines>
						</method>
						<method name="testSentFlagError" signature="()V" line-rate="1.0" branch-rate="1.0">
							<lines>
							</lines>
						</method>
						<method name="testTo" signature="()V" line-rate="0.0" branch-rate="0.0">
							<lines>
								<line number="222" hits="0" branch="false"/>
								<line number="223" hits="0" branch="true" condition-coverage="0% (0/2)">
									<conditions>
										<condition number="0" type="jump" coverage="0%"/>
									</conditions>
								</line>
								<line number="225" hits="0" branch="false"/>
								<line number="226" hits="0" branch="false"/>
								<line number="227" hits="0" branch="false"/>
							</lines>
						</method>
						<method name="testToAddressDeault" signature="()V" line-rate="1.0" branch-rate="1.0">
							<lines>
							</lines>
						</method>
						<method name="testToAddressDefault" signature="()V" line-rate="0.0" branch-rate="0.0">
							<lines>
								<line number="93" hits="0" branch="false"/>
								<line number="94" hits="0" branch="false"/>
								<line number="95" hits="0" branch="false"/>
								<line number="96" hits="0" branch="false"/>
								<line number="97" hits="0" branch="false"/>
								<line number="98" hits="0" branch="false"/>
								<line number="113" hits="0" branch="false"/>
								<line number="116" hits="0" branch="false"/>
								<line number="119" hits="0" branch="false"/>
								<line number="120" hits="0" branch="false"/>
								<line number="121" hits="0" branch="false"/>
								<line number="122" hits="0" branch="false"/>
								<line number="123" hits="0" branch="false"/>
								<line number="124" hits="0" branch="false"/>
								<line number="125" hits="0" branch="false"/>
								<line number="126" hits="0" branch="false"/>
								<line number="196" hits="0" branch="true" condition-coverage="0% (0/2)">
									<conditions>
										<condition number="0" type="jump" coverage="0%"/>
									</conditions>
								</line>
								<line number="199" hits="0" branch="true" condition-coverage="0% (0/2)">
									<conditions>
										<condition number="0" type="jump" coverage="0%"/>
									</conditions>
								</line>
								<line number="200" hits="0" branch="true" condition-coverage="0% (0/2)">
									<conditions>
										<condition number="0" type="jump" coverage="0%"/>
									</conditions>
								</line>
								<line number="201" hits="0" branch="false"/>
								<line number="202" hits="0" branch="true" condition-coverage="0% (0/2)">
									<conditions>
										<condition number="0" type="jump" coverage="0%"/>
									</conditions>
								</line>
								<line number="203" hits="0" branch="true" condition-coverage="0% (0/2)">
									<conditions>
										<condition number="0" type="jump" coverage="0%"/>
									</conditions>
								</line>
								<line number="204" hits="0" branch="false"/>
								<line number="205" hits="0" branch="false"/>
								<line number="236" hits="0" branch="false"/>
								<line number="237" hits="0" branch="false"/>
								<line number="239" hits="0" branch="false"/>
								<line number="240" hits="0" branch="false"/>
							</lines>
						</method>
						<method name="testToGone" signature="()V" line-rate="0.0" branch-rate="1.0">
							<lines>
								<line number="250" hits="0" branch="false"/>
								<line number="251" hits="0" branch="false"/>
[...]
						<line number="351" hits="0" branch="false"/>
					</lines>
				</class>
				<class name="jp.co.fttx.rakuphotomail.test.GallerySendingMailTest$4" filename="jp/co/fttx/rakuphotomail/test/GallerySendingMailTest.java" line-rate="0.0" branch-rate="1.0" complexity="1.0">
					<methods>
						<method name="&lt;init&gt;" signature="(Ljp/co/fttx/rakuphotomail/test/GallerySendingMailTest;)V" line-rate="0.0" branch-rate="1.0">
							<lines>
								<line number="1" hits="0" branch="false"/>
								<line number="158" hits="0" branch="false"/>
								<line number="167" hits="0" branch="false"/>
								<line number="168" hits="0" branch="false"/>
								<line number="169" hits="0" branch="false"/>
								<line number="170" hits="0" branch="false"/>
								<line number="184" hits="0" branch="false"/>
								<line number="188" hits="0" branch="false"/>
								<line number="189" hits="0" branch="false"/>
								<line number="201" hits="0" branch="false"/>
								<line number="202" hits="0" branch="false"/>
								<line number="209" hits="0" branch="false"/>
								<line number="212" hits="0" branch="false"/>
								<line number="213" hits="0" branch="false"/>
								<line number="214" hits="0" branch="false"/>
								<line number="218" hits="0" branch="false"/>
								<line number="219" hits="0" branch="false"/>
								<line number="223" hits="0" branch="false"/>
								<line number="225" hits="0" branch="false"/>
								<line number="227" hits="0" branch="false"/>
								<line number="305" hits="0" branch="false"/>
								<line number="365" hits="0" branch="false"/>
							</lines>
						</method>
						<method name="run" signature="()V" line-rate="0.0" branch-rate="1.0">
							<lines>
								<line number="161" hits="0" branch="false"/>
								<line number="162" hits="0" branch="false"/>
								<line number="171" hits="0" branch="false"/>
								<line number="172" hits="0" branch="false"/>
								<line number="173" hits="0" branch="false"/>
								<line number="174" hits="0" branch="false"/>
								<line number="176" hits="0" branch="false"/>
								<line number="177" hits="0" branch="false"/>
								<line number="187" hits="0" branch="false"/>
								<line number="191" hits="0" branch="false"/>
								<line number="192" hits="0" branch="false"/>
								<line number="193" hits="0" branch="false"/>
								<line number="194" hits="0" branch="false"/>
								<line number="195" hits="0" branch="false"/>
								<line number="196" hits="0" branch="false"/>
								<line number="204" hits="0" branch="false"/>
								<line number="205" hits="0" branch="false"/>
								<line number="206" hits="0" branch="false"/>
								<line number="215" hits="0" branch="false"/>
								<line number="216" hits="0" branch="false"/>
								<line number="217" hits="0" branch="false"/>
								<line number="220" hits="0" branch="false"/>
								<line number="221" hits="0" branch="false"/>
								<line number="222" hits="0" branch="false"/>
								<line number="224" hits="0" branch="false"/>
								<line number="226" hits="0" branch="false"/>
								<line number="228" hits="0" branch="false"/>
								<line number="229" hits="0" branch="false"/>
								<line number="230" hits="0" branch="false"/>
								<line number="231" hits="0" branch="false"/>
								<line number="308" hits="0" branch="false"/>
								<line number="309" hits="0" branch="false"/>
								<line number="368" hits="0" branch="false"/>
								<line number="369" hits="0" branch="false"/>
							</lines>
						</method>
					</methods>
					<lines>
						<line number="1" hits="0" branch="false"/>
						<line number="158" hits="0" branch="false"/>
						<line number="161" hits="0" branch="false"/>
						<line number="162" hits="0" branch="false"/>
						<line number="167" hits="0" branch="false"/>
						<line number="168" hits="0" branch="false"/>
						<line number="169" hits="0" branch="false"/>
						<line number="170" hits="0" branch="false"/>
						<line number="171" hits="0" branch="false"/>
						<line number="172" hits="0" branch="false"/>
						<line number="173" hits="0" branch="false"/>
						<line number="174" hits="0" branch="false"/>
						<line number="176" hits="0" branch="false"/>
						<line number="177" hits="0" branch="false"/>
						<line number="184" hits="0" branch="false"/>
						<line number="187" hits="0" branch="false"/>
						<line number="188" hits="0" branch="false"/>
						<line number="189" hits="0" branch="false"/>
						<line number="191" hits="0" branch="false"/>
						<line number="192" hits="0" branch="false"/>
						<line number="193" hits="0" branch="false"/>
						<line number="194" hits="0" branch="false"/>
						<line number="195" hits="0" branch="false"/>
						<line number="196" hits="0" branch="false"/>
						<line number="201" hits="0" branch="false"/>
						<line number="202" hits="0" branch="false"/>
						<line number="204" hits="0" branch="false"/>
						<line number="205" hits="0" branch="false"/>
						<line number="206" hits="0" branch="false"/>
						<line number="209" hits="0" branch="false"/>
						<line number="212" hits="0" branch="false"/>
						<line number="213" hits="0" branch="false"/>
						<line number="214" hits="0" branch="false"/>
						<line number="215" hits="0" branch="false"/>
						<line number="216" hits="0" branch="false"/>
						<line number="217" hits="0" branch="false"/>
						<line number="218" hits="0" branch="false"/>
						<line number="219" hits="0" branch="false"/>
						<line number="220" hits="0" branch="false"/>
						<line number="221" hits="0" branch="false"/>
						<line number="222" hits="0" branch="false"/>
						<line number="223" hits="0" branch="false"/>
						<line number="224" hits="0" branch="false"/>
						<line number="225" hits="0" branch="false"/>
						<line number="226" hits="0" branch="false"/>
						<line number="227" hits="0" branch="false"/>
						<line number="228" hits="0" branch="false"/>
						<line number="229" hits="0" branch="false"/>
						<line number="230" hits="0" branch="false"/>
						<line number="231" hits="0" branch="false"/>
						<line number="305" hits="0" branch="false"/>
						<line number="308" hits="0" branch="false"/>
						<line number="309" hits="0" branch="false"/>
						<line number="365" hits="0" branch="false"/>
						<line number="368" hits="0" branch="false"/>
						<line number="369" hits="0" branch="false"/>
					</lines>
				</class>
				<class name="jp.co.fttx.rakuphotomail.test.GallerySendingMailTest$5" filename="jp/co/fttx/rakuphotomail/test/GallerySendingMailTest.java" line-rate="0.0" branch-rate="1.0" complexity="1.0">
					<methods>
						<method name="&lt;init&gt;" signature="(Ljp/co/fttx/rakuphotomail/test/GallerySendingMailTest;)V" line-rate="0.0" branch-rate="1.0">
							<lines>
								<line number="1" hits="0" branch="false"/>
								<line number="186" hits="0" branch="false"/>
								<line number="209" hits="0" branch="false"/>
								<line number="210" hits="0" branch="false"/>
								<line number="229" hits="0" branch="false"/>
								<line number="230" hits="0" branch="false"/>
								<line number="234" hits="0" branch="false"/>
								<line number="249" hits="0" branch="false"/>
								<line number="251" hits="0" branch="false"/>
								<line number="329" hits="0" branch="false"/>
								<line number="389" hits="0" branch="false"/>
							</lines>
						</method>
						<method name="run" signature="()V" line-rate="0.0" branch-rate="1.0">
							<lines>
								<line number="189" hits="0" branch="false"/>
								<line number="190" hits="0" branch="false"/>
								<line number="212" hits="0" branch="false"/>
								<line number="213" hits="0" branch="false"/>
								<line number="214" hits="0" branch="false"/>
								<line number="232" hits="0" branch="false"/>
								<line number="233" hits="0" branch="false"/>
								<line number="237" hits="0" branch="false"/>
								<line number="238" hits="0" branch="false"/>
								<line number="252" hits="0" branch="false"/>
								<line number="253" hits="0" branch="false"/>
								<line number="254" hits="0" branch="false"/>
								<line number="255" hits="0" branch="false"/>
								<line number="332" hits="0" branch="false"/>
								<line number="333" hits="0" branch="false"/>
								<line number="392" hits="0" branch="false"/>
								<line number="393" hits="0" branch="false"/>
							</lines>
						</method>
					</methods>
					<lines>
						<line number="1" hits="0" branch="false"/>
						<line number="186" hits="0" branch="false"/>
						<line number="189" hits="0" branch="false"/>
						<line number="190" hits="0" branch="false"/>
						<line number="209" hits="0" branch="false"/>
						<line number="210" hits="0" branch="false"/>
						<line number="212" hits="0" branch="false"/>
						<line number="213" hits="0" branch="false"/>
						<line number="214" hits="0" branch="false"/>
						<line number="229" hits="0" branch="false"/>
						<line number="230" hits="0" branch="false"/>
						<line number="232" hits="0" branch="false"/>
						<line number="233" hits="0" branch="false"/>
						<line number="234" hits="0" branch="false"/>
						<line number="237" hits="0" branch="false"/>
						<line number="238" hits="0" branch="false"/>
						<line number="249" hits="0" branch="false"/>
						<line number="251" hits="0" branch="false"/>
						<line number="252" hits="0" branch="false"/>
						<line number="253" hits="0" branch="false"/>
						<line number="254" hits="0" branch="false"/>
						<line number="255" hits="0" branch="false"/>
						<line number="329" hits="0" branch="false"/>
						<line number="332" hits="0" branch="false"/>
						<line number="333" hits="0" branch="false"/>
						<line number="389" hits="0" branch="false"/>
						<line number="392" hits="0" branch="false"/>
						<line number="393" hits="0" branch="false"/>
					</lines>
				</class>
				<class name="jp.co.fttx.rakuphotomail.test.GallerySendingMailTest$6" filename="jp/co/fttx/rakuphotomail/test/GallerySendingMailTest.java" line-rate="0.0" branch-rate="1.0" complexity="1.0">
					<methods>
						<method name="&lt;init&gt;" signature="(Ljp/co/fttx/rakuphotomail/test/GallerySendingMailTest;)V" line-rate="0.0" branch-rate="1.0">
							<lines>
								<line number="1" hits="0" branch="false"/>
								<line number="272" hits="0" branch="false"/>
								<line number="274" hits="0" branch="false"/>
								<line number="352" hits="0" branch="false"/>
								<line number="412" hits="0" branch="false"/>
							</lines>
						</method>
						<method name="run" signature="()V" line-rate="0.0" branch-rate="1.0">
							<lines>
								<line number="275" hits="0" branch="false"/>
								<line number="276" hits="0" branch="false"/>
								<line number="277" hits="0" branch="false"/>
								<line number="278" hits="0" branch="false"/>
								<line number="355" hits="0" branch="false"/>
								<line number="356" hits="0" branch="false"/>
								<line number="415" hits="0" branch="false"/>
								<line number="416" hits="0" branch="false"/>
							</lines>
						</method>
					</methods>
					<lines>
						<line number="1" hits="0" branch="false"/>
						<line number="272" hits="0" branch="false"/>
						<line number="274" hits="0" branch="false"/>
						<line number="275" hits="0" branch="false"/>
						<line number="276" hits="0" branch="false"/>
						<line number="277" hits="0" branch="false"/>
						<line number="278" hits="0" branch="false"/>
						<line number="352" hits="0" branch="false"/>
						<line number="355" hits="0" branch="false"/>
						<line number="356" hits="0" branch="false"/>
						<line number="412" hits="0" branch="false"/>
						<line number="415" hits="0" branch="false"/>
						<line number="416" hits="0" branch="false"/>
					</lines>
				</class>
				<class name="jp.co.fttx.rakuphotomail.test.GallerySendingMailTest$7" filename="jp/co/fttx/rakuphotomail/test/GallerySendingMailTest.java" line-rate="0.0" branch-rate="1.0" complexity="1.0">
					<methods>
						<method name="&lt;init&gt;" signature="(Ljp/co/fttx/rakuphotomail/test/GallerySendingMailTest;)V" line-rate="0.0" branch-rate="1.0">
							<lines>
								<line number="1" hits="0" branch="false"/>
								<line number="288" hits="0" branch="false"/>
								<line number="290" hits="0" branch="false"/>
								<line number="368" hits="0" branch="false"/>
								<line number="428" hits="0" branch="false"/>
							</lines>
						</method>
						<method name="run" signature="()V" line-rate="0.0" branch-rate="1.0">
							<lines>
								<line number="291" hits="0" branch="false"/>
								<line number="292" hits="0" branch="false"/>
								<line number="293" hits="0" branch="false"/>
								<line number="294" hits="0" branch="false"/>
								<line number="371" hits="0" branch="false"/>
								<line number="372" hits="0" branch="false"/>
								<line number="431" hits="0" branch="false"/>
								<line number="432" hits="0" branch="false"/>
							</lines>
						</method>
					</methods>
					<lines>
						<line number="1" hits="0" branch="false"/>
						<line number="288" hits="0" branch="false"/>
						<line number="290" hits="0" branch="false"/>
						<line number="291" hits="0" branch="false"/>
						<line number="292" hits="0" branch="false"/>
						<line number="293" hits="0" branch="false"/>
						<line number="294" hits="0" branch="false"/>
						<line number="368" hits="0" branch="false"/>
						<line number="371" hits="0" branch="false"/>
						<line number="372" hits="0" branch="false"/>
						<line number="428" hits="0" branch="false"/>
						<line number="431" hits="0" branch="false"/>
						<line number="432" hits="0" branch="false"/>
					</lines>
				</class>
				<class name="jp.co.fttx.rakuphotomail.test.MockRakuApplication" filename="jp/co/fttx/rakuphotomail/test/MockRakuApplication.java" line-rate="0.0" branch-rate="1.0" complexity="1.0">
					<methods>
						<method name="&lt;init&gt;" signature="()V" line-rate="0.0" branch-rate="1.0">
							<lines>
								<line number="8" hits="0" branch="false"/>
							</lines>
						</method>
						<method name="getApplicationContext" signature="()Landroid/content/Context;" line-rate="0.0" branch-rate="1.0">
							<lines>
								<line number="17" hits="0" branch="false"/>
							</lines>
						</method>
						<method name="getPackageName" signature="()Ljava/lang/String;" line-rate="0.0" branch-rate="1.0">
							<lines>
								<line number="12" hits="0" branch="false"/>
							</lines>
						</method>
					</methods>
					<lines>
						<line number="8" hits="0" branch="false"/>
						<line number="12" hits="0" branch="false"/>
						<line number="17" hits="0" branch="false"/>
					</lines>
				</class>
				<class name="jp.co.fttx.rakuphotomail.test.MockRakuContext" filename="jp/co/fttx/rakuphotomail/test/MockRakuContext.java" line-rate="0.0" branch-rate="1.0" complexity="1.0">
					<methods>
						<method name="&lt;init&gt;" signature="(Landroid/content/Context;)V" line-rate="0.0" branch-rate="1.0">
							<lines>
								<line number="13" hits="0" branch="false"/>
								<line number="14" hits="0" branch="false"/>
								<line number="15" hits="0" branch="false"/>
							</lines>
						</method>
						<method name="getApplicationContext" signature="()Landroid/content/Context;" line-rate="0.0" branch-rate="1.0">
							<lines>
								<line number="19" hits="0" branch="false"/>
							</lines>
						</method>
						<method name="getPackageName" signature="()Ljava/lang/String;" line-rate="0.0" branch-rate="1.0">
							<lines>
								<line number="24" hits="0" branch="false"/>
							</lines>
						</method>
					</methods>
					<lines>
						<line number="13" hits="0" branch="false"/>
						<line number="14" hits="0" branch="false"/>
						<line number="15" hits="0" branch="false"/>
						<line number="19" hits="0" branch="false"/>
						<line number="24" hits="0" branch="false"/>
					</lines>
				</class>
				<class name="jp.co.fttx.rakuphotomail.test.R" filename="jp/co/fttx/rakuphotomail/test/R.java" line-rate="0.0" branch-rate="1.0" complexity="0.0">
					<methods>
						<method name="&lt;init&gt;" signature="()V" line-rate="0.0" branch-rate="1.0">
							<lines>
								<line number="10" hits="0" branch="false"/>
								<line number="19" hits="0" branch="false"/>
							</lines>
						</method>
					</methods>
					<lines>
						<line number="10" hits="0" branch="false"/>
						<line number="19" hits="0" branch="false"/>
					</lines>
				</class>
				<class name="jp.co.fttx.rakuphotomail.test.R$attr" filename="jp/co/fttx/rakuphotomail/test/R.java" line-rate="0.0" branch-rate="1.0" complexity="0.0">
					<methods>
						<method name="&lt;init&gt;" signature="()V" line-rate="0.0" branch-rate="1.0">
							<lines>
								<line number="11" hits="0" branch="false"/>
							</lines>
						</method>
					</methods>
					<lines>
						<line number="11" hits="0" branch="false"/>
					</lines>
				</class>
				<class name="jp.co.fttx.rakuphotomail.test.R$drawable" filename="jp/co/fttx/rakuphotomail/test/R.java" line-rate="0.0" branch-rate="1.0" complexity="0.0">
					<methods>
						<method name="&lt;init&gt;" signature="()V" line-rate="0.0" branch-rate="1.0">
							<lines>
								<line number="13" hits="0" branch="false"/>
							</lines>
						</method>
					</methods>
					<lines>
						<line number="13" hits="0" branch="false"/>
					</lines>
				</class>
				<class name="jp.co.fttx.rakuphotomail.test.R$layout" filename="jp/co/fttx/rakuphotomail/test/R.java" line-rate="0.0" branch-rate="1.0" complexity="0.0">
					<methods>
						<method name="&lt;init&gt;" signature="()V" line-rate="0.0" branch-rate="1.0">
							<lines>
								<line number="16" hits="0" branch="false"/>
							</lines>
						</method>
					</methods>
					<lines>
						<line number="16" hits="0" branch="false"/>
					</lines>
				</class>
				<class name="jp.co.fttx.rakuphotomail.test.R$string" filename="jp/co/fttx/rakuphotomail/test/R.java" line-rate="0.0" branch-rate="1.0" complexity="0.0">
					<methods>
						<method name="&lt;init&gt;" signature="()V" line-rate="0.0" branch-rate="1.0">
							<lines>
								<line number="19" hits="0" branch="false"/>
							</lines>
						</method>
					</methods>
					<lines>
						<line number="19" hits="0" branch="false"/>
					</lines>
				</class>
				<class name="jp.co.fttx.rakuphotomail.test.RakuPhotoMenuSelecterTest" filename="jp/co/fttx/rakuphotomail/test/RakuPhotoMenuSelecterTest.java" line-rate="0.0" branch-rate="1.0" complexity="1.0">
					<methods>
						<method name="&lt;init&gt;" signature="()V" line-rate="0.0" branch-rate="1.0">
							<lines>
								<line number="10" hits="0" branch="false"/>
								<line number="11" hits="0" branch="false"/>
							</lines>
						</method>
						<method name="setUp" signature="()V" line-rate="0.0" branch-rate="1.0">
							<lines>
								<line number="14" hits="0" branch="false"/>
								<line number="15" hits="0" branch="false"/>
								<line number="16" hits="0" branch="false"/>
								<line number="17" hits="0" branch="false"/>
							</lines>
						</method>
						<method name="testHogeee" signature="()V" line-rate="0.0" branch-rate="1.0">
							<lines>
								<line number="20" hits="0" branch="false"/>
								<line number="21" hits="0" branch="false"/>
							</lines>
						</method>
					</methods>
					<lines>
						<line number="10" hits="0" branch="false"/>
						<line number="11" hits="0" branch="false"/>
						<line number="14" hits="0" branch="false"/>
						<line number="15" hits="0" branch="false"/>
						<line number="16" hits="0" branch="false"/>
						<line number="17" hits="0" branch="false"/>
						<line number="20" hits="0" branch="false"/>
						<line number="21" hits="0" branch="false"/>
					</lines>
				</class>
			</classes>
		</package>
	</packages>
</coverage>
