<?xml version="1.0" encoding="UTF-8" standalone="no"?><testsuites><testsuite errors="1" failures="1" hostname="0123456789ABCDEF_telechips_AndroidforTelechipsM801EvaluationBoard" name="jp.co.fttx.rakuphotomail.test" tests="22" time="0.0000" timestamp="Wed Nov 09 15:20:52 JST 2011"><properties>
[...]
</properties><testcase classname="jp.co.fttx.rakuphotomail.test.AccountsTest" name="testHoge" time="0.0260"/><testcase classname="jp.co.fttx.rakuphotomail.test.GallerySendingMailTest" name="testInitialInput" time="0.9820"/><testcase classname="jp.co.fttx.rakuphotomail.test.GallerySendingMailTest" name="testInitialInputHint" time="1.0820"/><testcase classname="jp.co.fttx.rakuphotomail.test.GallerySendingMailTest" name="testNotNullMMailContent" time="0.8060"/><testcase classname="jp.co.fttx.rakuphotomail.test.GallerySendingMailTest" name="testNotNullMSend" time="1.1580"/><testcase classname="jp.co.fttx.rakuphotomail.test.GallerySendingMailTest" name="testNotNullMSentFlag" time="1.0070"/><testcase classname="jp.co.fttx.rakuphotomail.test.GallerySendingMailTest" name="testNotNullMTo" time="1.2850"/><testcase classname="jp.co.fttx.rakuphotomail.test.GallerySendingMailTest" name="testNotNullMToName" time="0.7560"/><testcase classname="jp.co.fttx.rakuphotomail.test.GallerySendingMailTest" name="testReplyMailSizeOK" time="1.5380"><failure message="" type="junit.framework.ComparisonFailure">junit.framework.ComparisonFailure: expected:&lt;...ん&gt; but was:&lt;...n&gt;&#13;
at jp.co.fttx.rakuphotomail.test.GallerySendingMailTest.testReplyMailSizeOK(GallerySendingMailTest.java:322)&#13;
at java.lang.reflect.Method.invokeNative(Native Method)&#13;
at android.test.InstrumentationTestCase.runMethod(InstrumentationTestCase.java:204)&#13;
at android.test.InstrumentationTestCase.runTest(InstrumentationTestCase.java:194)&#13;
at android.test.ActivityInstrumentationTestCase2.runTest(ActivityInstrumentationTestCase2.java:186)&#13;
at android.test.AndroidTestRunner.runTest(AndroidTestRunner.java:169)&#13;
at android.test.AndroidTestRunner.runTest(AndroidTestRunner.java:154)&#13;
at android.test.InstrumentationTestRunner.onStart(InstrumentationTestRunner.java:529)&#13;
at android.app.Instrumentation$InstrumentationThread.run(Instrumentation.java:1447)&#13;
</failure></testcase><testcase classname="jp.co.fttx.rakuphotomail.test.GallerySendingMailTest" name="testReplyMailSizeOKBoundaryvalue" time="1.4100"><error message="" type="Test failed to run to completion. Reason">Test failed to run to completion. Reason: 'Instrumentation run failed due to 'java.lang.NullPointerException''. Check device logcat for details</error></testcase></testsuite></testsuites>